2013/12/02 16:14:18 [error] [php] date(): It is not safe to rely on the system's timezone settings. You are *required* to use the date.timezone setting or the date_default_timezone_set() function. In case you used any of those methods and you are still getting this warning, you most likely misspelled the timezone identifier. We selected the timezone 'UTC' for now, but please set date.timezone to select your timezone. (/var/www/public_html/Veranstaltung12/trackstar/protected/views/layouts/main.php:51)
Stack trace:
#0 /var/www/public_html/Veranstaltung12/yii/framework/web/CBaseController.php(95): SiteController->renderInternal()
#1 /var/www/public_html/Veranstaltung12/yii/framework/web/widgets/CContentDecorator.php(76): SiteController->renderFile()
#2 /var/www/public_html/Veranstaltung12/yii/framework/web/widgets/CContentDecorator.php(54): CContentDecorator->decorate()
#3 /var/www/public_html/Veranstaltung12/yii/framework/web/widgets/COutputProcessor.php(44): CContentDecorator->processOutput()
#4 /var/www/public_html/Veranstaltung12/yii/framework/web/CBaseController.php(206): CContentDecorator->run()
#5 /var/www/public_html/Veranstaltung12/yii/framework/web/CBaseController.php(300): SiteController->endWidget()
#6 /var/www/public_html/Veranstaltung12/trackstar/protected/views/layouts/column1.php(6): SiteController->endContent()
#7 /var/www/public_html/Veranstaltung12/yii/framework/web/CBaseController.php(126): require()
#8 /var/www/public_html/Veranstaltung12/yii/framework/web/CBaseController.php(95): SiteController->renderInternal()
#9 /var/www/public_html/Veranstaltung12/yii/framework/web/CController.php(784): SiteController->renderFile()
#10 /var/www/public_html/Veranstaltung12/trackstar/protected/controllers/SiteController.php(32): SiteController->render()
#11 /var/www/public_html/Veranstaltung12/yii/framework/web/actions/CInlineAction.php(49): SiteController->actionIndex()
#12 /var/www/public_html/Veranstaltung12/yii/framework/web/CController.php(308): CInlineAction->runWithParams()
#13 /var/www/public_html/Veranstaltung12/yii/framework/web/CController.php(286): SiteController->runAction()
#14 /var/www/public_html/Veranstaltung12/yii/framework/web/CController.php(265): SiteController->runActionWithFilters()
#15 /var/www/public_html/Veranstaltung12/yii/framework/web/CWebApplication.php(282): SiteController->run()
#16 /var/www/public_html/Veranstaltung12/yii/framework/web/CWebApplication.php(141): CWebApplication->runController()
#17 /var/www/public_html/Veranstaltung12/yii/framework/base/CApplication.php(180): CWebApplication->processRequest()
#18 /var/www/public_html/Veranstaltung12/trackstar/index.php(13): CWebApplication->run()
REQUEST_URI=/public_html/Veranstaltung12/trackstar/
in /var/www/public_html/Veranstaltung12/trackstar/protected/views/layouts/main.php (51)
in /var/www/public_html/Veranstaltung12/trackstar/protected/views/layouts/column1.php (6)
in /var/www/public_html/Veranstaltung12/trackstar/protected/controllers/SiteController.php (32)
2013/12/02 17:15:54 [error] [exception.CHttpException.403] exception 'CHttpException' with message 'You are not allowed to access this page.' in /var/www/public_html/Veranstaltung12/yii/framework/gii/GiiModule.php:170
Stack trace:
#0 /var/www/public_html/Veranstaltung12/yii/framework/web/CController.php(263): GiiModule->beforeControllerAction(Object(DefaultController), Object(CInlineAction))
#1 /var/www/public_html/Veranstaltung12/yii/framework/web/CWebApplication.php(282): CController->run('')
#2 /var/www/public_html/Veranstaltung12/yii/framework/web/CWebApplication.php(141): CWebApplication->runController('gii')
#3 /var/www/public_html/Veranstaltung12/yii/framework/base/CApplication.php(180): CWebApplication->processRequest()
#4 /var/www/public_html/Veranstaltung12/trackstar/index.php(13): CApplication->run()
#5 {main}
REQUEST_URI=/public_html/Veranstaltung12/trackstar/index.php?r=gii
---
2013/12/02 17:16:09 [error] [exception.CHttpException.403] exception 'CHttpException' with message 'You are not allowed to access this page.' in /var/www/public_html/Veranstaltung12/yii/framework/gii/GiiModule.php:170
Stack trace:
#0 /var/www/public_html/Veranstaltung12/yii/framework/web/CController.php(263): GiiModule->beforeControllerAction(Object(DefaultController), Object(CInlineAction))
#1 /var/www/public_html/Veranstaltung12/yii/framework/web/CWebApplication.php(282): CController->run('')
#2 /var/www/public_html/Veranstaltung12/yii/framework/web/CWebApplication.php(141): CWebApplication->runController('gii')
#3 /var/www/public_html/Veranstaltung12/yii/framework/base/CApplication.php(180): CWebApplication->processRequest()
#4 /var/www/public_html/Veranstaltung12/trackstar/index.php(13): CApplication->run()
#5 {main}
REQUEST_URI=/public_html/Veranstaltung12/trackstar/index.php?r=gii
---
2013/12/02 17:16:48 [error] [exception.CHttpException.403] exception 'CHttpException' with message 'You are not allowed to access this page.' in /var/www/public_html/Veranstaltung12/yii/framework/gii/GiiModule.php:170
Stack trace:
#0 /var/www/public_html/Veranstaltung12/yii/framework/web/CController.php(263): GiiModule->beforeControllerAction(Object(DefaultController), Object(CInlineAction))
#1 /var/www/public_html/Veranstaltung12/yii/framework/web/CWebApplication.php(282): CController->run('')
#2 /var/www/public_html/Veranstaltung12/yii/framework/web/CWebApplication.php(141): CWebApplication->runController('gii')
#3 /var/www/public_html/Veranstaltung12/yii/framework/base/CApplication.php(180): CWebApplication->processRequest()
#4 /var/www/public_html/Veranstaltung12/trackstar/index.php(13): CApplication->run()
#5 {main}
REQUEST_URI=/public_html/Veranstaltung12/trackstar/index.php?r=gii
---
2013/12/02 18:47:02 [error] [exception.CHttpException.403] exception 'CHttpException' with message 'You are not authorized to perform this action.' in /var/www/public_html/Veranstaltung12/yii/framework/web/auth/CAccessControlFilter.php:182
Stack trace:
#0 /var/www/public_html/Veranstaltung12/yii/framework/web/auth/CAccessControlFilter.php(145): CAccessControlFilter->accessDenied(Object(CWebUser), 'You are not aut...')
#1 /var/www/public_html/Veranstaltung12/yii/framework/web/filters/CFilter.php(38): CAccessControlFilter->preFilter(Object(CFilterChain))
#2 /var/www/public_html/Veranstaltung12/yii/framework/web/CController.php(1145): CFilter->filter(Object(CFilterChain))
#3 /var/www/public_html/Veranstaltung12/yii/framework/web/filters/CInlineFilter.php(58): CController->filterAccessControl(Object(CFilterChain))
#4 /var/www/public_html/Veranstaltung12/yii/framework/web/filters/CFilterChain.php(130): CInlineFilter->filter(Object(CFilterChain))
#5 /var/www/public_html/Veranstaltung12/yii/framework/web/CController.php(291): CFilterChain->run()
#6 /var/www/public_html/Veranstaltung12/yii/framework/web/CController.php(265): CController->runActionWithFilters(Object(CInlineAction), Array)
#7 /var/www/public_html/Veranstaltung12/yii/framework/web/CWebApplication.php(282): CController->run('admin')
#8 /var/www/public_html/Veranstaltung12/yii/framework/web/CWebApplication.php(141): CWebApplication->runController('project/admin')
#9 /var/www/public_html/Veranstaltung12/yii/framework/base/CApplication.php(180): CWebApplication->processRequest()
#10 /var/www/public_html/Veranstaltung12/trackstar/index.php(13): CApplication->run()
#11 {main}
REQUEST_URI=/public_html/Veranstaltung12/trackstar/index.php?r=project/admin
HTTP_REFERER=http://localhost:8080/public_html/Veranstaltung12/trackstar/index.php?r=project/view&id=1
---
2013/12/02 18:47:15 [error] [exception.CHttpException.403] exception 'CHttpException' with message 'You are not authorized to perform this action.' in /var/www/public_html/Veranstaltung12/yii/framework/web/auth/CAccessControlFilter.php:182
Stack trace:
#0 /var/www/public_html/Veranstaltung12/yii/framework/web/auth/CAccessControlFilter.php(145): CAccessControlFilter->accessDenied(Object(CWebUser), 'You are not aut...')
#1 /var/www/public_html/Veranstaltung12/yii/framework/web/filters/CFilter.php(38): CAccessControlFilter->preFilter(Object(CFilterChain))
#2 /var/www/public_html/Veranstaltung12/yii/framework/web/CController.php(1145): CFilter->filter(Object(CFilterChain))
#3 /var/www/public_html/Veranstaltung12/yii/framework/web/filters/CInlineFilter.php(58): CController->filterAccessControl(Object(CFilterChain))
#4 /var/www/public_html/Veranstaltung12/yii/framework/web/filters/CFilterChain.php(130): CInlineFilter->filter(Object(CFilterChain))
#5 /var/www/public_html/Veranstaltung12/yii/framework/web/CController.php(291): CFilterChain->run()
#6 /var/www/public_html/Veranstaltung12/yii/framework/web/CController.php(265): CController->runActionWithFilters(Object(CInlineAction), Array)
#7 /var/www/public_html/Veranstaltung12/yii/framework/web/CWebApplication.php(282): CController->run('admin')
#8 /var/www/public_html/Veranstaltung12/yii/framework/web/CWebApplication.php(141): CWebApplication->runController('project/admin')
#9 /var/www/public_html/Veranstaltung12/yii/framework/base/CApplication.php(180): CWebApplication->processRequest()
#10 /var/www/public_html/Veranstaltung12/trackstar/index.php(13): CApplication->run()
#11 {main}
REQUEST_URI=/public_html/Veranstaltung12/trackstar/index.php?r=project/admin
HTTP_REFERER=http://localhost:8080/public_html/Veranstaltung12/trackstar/index.php?r=project/index
---
